Determining if the pthread_create exist failed with the following output:
Change Dir: /home/quigley/wanderbot_ws/build/CMakeFiles/CMakeTmp

Run Build Command:/usr/bin/make "cmTryCompileExec1373072236/fast"
/usr/bin/make -f CMakeFiles/cmTryCompileExec1373072236.dir/build.make CMakeFiles/cmTryCompileExec1373072236.dir/build
make[1]: Entering directory `/home/quigley/wanderbot_ws/build/CMakeFiles/CMakeTmp'
/usr/bin/cmake -E cmake_progress_report /home/quigley/wanderbot_ws/build/CMakeFiles/CMakeTmp/CMakeFiles 1
Building C object CMakeFiles/cmTryCompileExec1373072236.dir/CheckSymbolExists.c.o
/usr/bin/cc    -o CMakeFiles/cmTryCompileExec1373072236.dir/CheckSymbolExists.c.o   -c /home/quigley/wanderbot_ws/build/CMakeFiles/CMakeTmp/CheckSymbolExists.c
Linking C executable cmTryCompileExec1373072236
/usr/bin/cmake -E cmake_link_script CMakeFiles/cmTryCompileExec1373072236.dir/link.txt --verbose=1
/usr/bin/cc       CMakeFiles/cmTryCompileExec1373072236.dir/CheckSymbolExists.c.o  -o cmTryCompileExec1373072236 -rdynamic 
CMakeFiles/cmTryCompileExec1373072236.dir/CheckSymbolExists.c.o: In function `main':
CheckSymbolExists.c:(.text+0x16): undefined reference to `pthread_create'
collect2: error: ld returned 1 exit status
make[1]: Leaving directory `/home/quigley/wanderbot_ws/build/CMakeFiles/CMakeTmp'
make[1]: *** [cmTryCompileExec1373072236] Error 1
make: *** [cmTryCompileExec1373072236/fast] Error 2

File /home/quigley/wanderbot_ws/build/CMakeFiles/CMakeTmp/CheckSymbolExists.c:
/* */
#include <pthread.h>

int main(int argc, char** argv)
{
  (void)argv;
#ifndef pthread_create
  return ((int*)(&pthread_create))[argc];
#else
  (void)argc;
  return 0;
#endif
}

Determining if the function pthread_create exists in the pthreads failed with the following output:
Change Dir: /home/quigley/wanderbot_ws/build/CMakeFiles/CMakeTmp

Run Build Command:/usr/bin/make "cmTryCompileExec3320588940/fast"
/usr/bin/make -f CMakeFiles/cmTryCompileExec3320588940.dir/build.make CMakeFiles/cmTryCompileExec3320588940.dir/build
make[1]: Entering directory `/home/quigley/wanderbot_ws/build/CMakeFiles/CMakeTmp'
/usr/bin/cmake -E cmake_progress_report /home/quigley/wanderbot_ws/build/CMakeFiles/CMakeTmp/CMakeFiles 1
Building C object CMakeFiles/cmTryCompileExec3320588940.dir/CheckFunctionExists.c.o
/usr/bin/cc   -DCHECK_FUNCTION_EXISTS=pthread_create   -o CMakeFiles/cmTryCompileExec3320588940.dir/CheckFunctionExists.c.o   -c /usr/share/cmake-2.8/Modules/CheckFunctionExists.c
Linking C executable cmTryCompileExec3320588940
/usr/bin/cmake -E cmake_link_script CMakeFiles/cmTryCompileExec3320588940.dir/link.txt --verbose=1
/usr/bin/cc   -DCHECK_FUNCTION_EXISTS=pthread_create    CMakeFiles/cmTryCompileExec3320588940.dir/CheckFunctionExists.c.o  -o cmTryCompileExec3320588940 -rdynamic -lpthreads 
/usr/bin/ld: cannot find -lpthreads
collect2: error: ld returned 1 exit status
make[1]: Leaving directory `/home/quigley/wanderbot_ws/build/CMakeFiles/CMakeTmp'
make[1]: *** [cmTryCompileExec3320588940] Error 1
make: *** [cmTryCompileExec3320588940/fast] Error 2


